1000,/home/nick/systemsec/lab3/Assignment3/src_corpus/file_9,2,0,f7f61216334c6e99a5533799b670610d,Mon Dec  6 18:20:42 2021
1000,/home/nick/systemsec/lab3/Assignment3/src_corpus/file_9,1,0,f7f61216334c6e99a5533799b670610d,Mon Dec  6 18:20:42 2021
1000,/home/nick/systemsec/lab3/Assignment3/src_corpus/file_8,2,0,e4492ed6bafa3b349caf653a02864d67,Mon Dec  6 18:20:42 2021
1000,/home/nick/systemsec/lab3/Assignment3/src_corpus/file_8,1,0,e4492ed6bafa3b349caf653a02864d67,Mon Dec  6 18:20:42 2021
1000,/home/nick/systemsec/lab3/Assignment3/src_corpus/file_7,2,0,1813845c8e402f8d0482a5d274dc5596,Mon Dec  6 18:20:42 2021
1000,/home/nick/systemsec/lab3/Assignment3/src_corpus/file_7,1,0,1813845c8e402f8d0482a5d274dc5596,Mon Dec  6 18:20:42 2021
1000,/home/nick/systemsec/lab3/Assignment3/src_corpus/file_6,2,0,045e4d119474a0ffe08e1632ca286c9c,Mon Dec  6 18:20:42 2021
1000,/home/nick/systemsec/lab3/Assignment3/src_corpus/file_6,1,0,045e4d119474a0ffe08e1632ca286c9c,Mon Dec  6 18:20:42 2021
1000,/home/nick/systemsec/lab3/Assignment3/src_corpus/file_5,2,0,3d58b0ebc69908c51a9273135f3aac3f,Mon Dec  6 18:20:42 2021
1000,/home/nick/systemsec/lab3/Assignment3/src_corpus/file_5,1,0,3d58b0ebc69908c51a9273135f3aac3f,Mon Dec  6 18:20:42 2021
1000,/home/nick/systemsec/lab3/Assignment3/src_corpus/file_4,2,0,842137e0fde5687aa8d795fdd49106b2,Mon Dec  6 18:20:42 2021
1000,/home/nick/systemsec/lab3/Assignment3/src_corpus/file_4,1,0,842137e0fde5687aa8d795fdd49106b2,Mon Dec  6 18:20:42 2021
1000,/home/nick/systemsec/lab3/Assignment3/src_corpus/file_3,2,0,797b373a9c4ec0d6de0a31a90b5bee8e,Mon Dec  6 18:20:42 2021
1000,/home/nick/systemsec/lab3/Assignment3/src_corpus/file_3,1,0,797b373a9c4ec0d6de0a31a90b5bee8e,Mon Dec  6 18:20:42 2021
1000,/home/nick/systemsec/lab3/Assignment3/src_corpus/file_2,2,0,92ed3b5f07b44bc4f70d0b24d5e1867c,Mon Dec  6 18:20:42 2021
1000,/home/nick/systemsec/lab3/Assignment3/src_corpus/file_2,1,0,92ed3b5f07b44bc4f70d0b24d5e1867c,Mon Dec  6 18:20:42 2021
1000,/home/nick/systemsec/lab3/Assignment3/src_corpus/file_1,2,0,ba9d332813a722b273a95fa13dd88d94,Mon Dec  6 18:20:42 2021
1000,/home/nick/systemsec/lab3/Assignment3/src_corpus/file_1,1,0,ba9d332813a722b273a95fa13dd88d94,Mon Dec  6 18:20:42 2021
1000,/home/nick/systemsec/lab3/Assignment3/src_corpus/file_0,2,0,312b7ac98155c842b17d187495850c95,Mon Dec  6 18:20:42 2021
1000,/home/nick/systemsec/lab3/Assignment3/src_corpus/file_0,1,0,312b7ac98155c842b17d187495850c95,Mon Dec  6 18:20:42 2021
1000,/home/nick/systemsec/lab3/Assignment3/src_corpus/file_9,2,0,f7f61216334c6e99a5533799b670610d,Mon Dec  6 18:20:42 2021
1000,/home/nick/systemsec/lab3/Assignment3/src_corpus/file_9,1,0,dd6838271569dbfceb004806672be7d9,Mon Dec  6 18:20:42 2021
1000,/home/nick/systemsec/lab3/Assignment3/src_corpus/file_8,2,0,e4492ed6bafa3b349caf653a02864d67,Mon Dec  6 18:20:42 2021
1000,/home/nick/systemsec/lab3/Assignment3/src_corpus/file_8,1,0,e4492ed6bafa3b349caf653a02864d67,Mon Dec  6 18:20:42 2021
1000,/home/nick/systemsec/lab3/Assignment3/src_corpus/file_7,2,0,1813845c8e402f8d0482a5d274dc5596,Mon Dec  6 18:20:42 2021
1000,/home/nick/systemsec/lab3/Assignment3/src_corpus/file_7,1,0,1813845c8e402f8d0482a5d274dc5596,Mon Dec  6 18:20:42 2021
1000,/home/nick/systemsec/lab3/Assignment3/src_corpus/file_6,2,0,045e4d119474a0ffe08e1632ca286c9c,Mon Dec  6 18:20:42 2021
1000,/home/nick/systemsec/lab3/Assignment3/src_corpus/file_6,1,0,045e4d119474a0ffe08e1632ca286c9c,Mon Dec  6 18:20:42 2021
1000,/home/nick/systemsec/lab3/Assignment3/src_corpus/file_5,2,0,3d58b0ebc69908c51a9273135f3aac3f,Mon Dec  6 18:20:42 2021
1000,/home/nick/systemsec/lab3/Assignment3/src_corpus/file_5,1,0,3d58b0ebc69908c51a9273135f3aac3f,Mon Dec  6 18:20:42 2021
1000,/home/nick/systemsec/lab3/Assignment3/src_corpus/file_4,2,0,842137e0fde5687aa8d795fdd49106b2,Mon Dec  6 18:20:42 2021
1000,/home/nick/systemsec/lab3/Assignment3/src_corpus/file_4,1,0,74a02cce629c5f4c0bd3c0b60db915e4,Mon Dec  6 18:20:42 2021
1000,/home/nick/systemsec/lab3/Assignment3/src_corpus/file_3,2,0,797b373a9c4ec0d6de0a31a90b5bee8e,Mon Dec  6 18:20:42 2021
1000,/home/nick/systemsec/lab3/Assignment3/src_corpus/file_3,1,0,797b373a9c4ec0d6de0a31a90b5bee8e,Mon Dec  6 18:20:42 2021
1000,/home/nick/systemsec/lab3/Assignment3/src_corpus/file_2,2,0,92ed3b5f07b44bc4f70d0b24d5e1867c,Mon Dec  6 18:20:42 2021
1000,/home/nick/systemsec/lab3/Assignment3/src_corpus/file_2,1,0,92ed3b5f07b44bc4f70d0b24d5e1867c,Mon Dec  6 18:20:42 2021
1000,/home/nick/systemsec/lab3/Assignment3/src_corpus/file_1,2,0,ba9d332813a722b273a95fa13dd88d94,Mon Dec  6 18:20:42 2021
1000,/home/nick/systemsec/lab3/Assignment3/src_corpus/file_1,1,0,ba9d332813a722b273a95fa13dd88d94,Mon Dec  6 18:20:42 2021
1000,/home/nick/systemsec/lab3/Assignment3/src_corpus/file_0,2,0,312b7ac98155c842b17d187495850c95,Mon Dec  6 18:20:42 2021
1000,/home/nick/systemsec/lab3/Assignment3/src_corpus/file_0,1,0,6eb512cb2557734c63f6fa15ef61ef9f,Mon Dec  6 18:20:42 2021
1000,/home/nick/systemsec/lab3/Assignment3/src_corpus/file_9,2,0,dd6838271569dbfceb004806672be7d9,Mon Dec  6 18:20:42 2021
1000,/home/nick/systemsec/lab3/Assignment3/src_corpus/file_9,0,0,a59be855050000000000000000000000,Mon Dec  6 18:20:42 2021
1000,/home/nick/systemsec/lab3/Assignment3/src_corpus/file_8,2,0,e4492ed6bafa3b349caf653a02864d67,Mon Dec  6 18:20:42 2021
1000,/home/nick/systemsec/lab3/Assignment3/src_corpus/file_8,0,0,a59be855050000000000000000000000,Mon Dec  6 18:20:42 2021
1000,/home/nick/systemsec/lab3/Assignment3/src_corpus/file_7,2,0,1813845c8e402f8d0482a5d274dc5596,Mon Dec  6 18:20:42 2021
1000,/home/nick/systemsec/lab3/Assignment3/src_corpus/file_7,0,0,989be855050000000000000000000000,Mon Dec  6 18:20:42 2021
1000,/home/nick/systemsec/lab3/Assignment3/src_corpus/file_6,2,0,045e4d119474a0ffe08e1632ca286c9c,Mon Dec  6 18:20:42 2021
1000,/home/nick/systemsec/lab3/Assignment3/src_corpus/file_6,0,0,c06a817e417f0000c06a817e417f0000,Mon Dec  6 18:20:42 2021
1000,/home/nick/systemsec/lab3/Assignment3/src_corpus/file_5,2,0,3d58b0ebc69908c51a9273135f3aac3f,Mon Dec  6 18:20:42 2021
1000,/home/nick/systemsec/lab3/Assignment3/src_corpus/file_5,0,0,8e9be855050000000000000000000000,Mon Dec  6 18:20:42 2021
1000,/home/nick/systemsec/lab3/Assignment3/src_corpus/file_4,2,0,74a02cce629c5f4c0bd3c0b60db915e4,Mon Dec  6 18:20:42 2021
1000,/home/nick/systemsec/lab3/Assignment3/src_corpus/file_4,0,0,8e9be855050000000000000000000000,Mon Dec  6 18:20:42 2021
1000,/home/nick/systemsec/lab3/Assignment3/src_corpus/file_3,2,0,797b373a9c4ec0d6de0a31a90b5bee8e,Mon Dec  6 18:20:42 2021
1000,/home/nick/systemsec/lab3/Assignment3/src_corpus/file_3,0,0,8e9be855050000000000000000000000,Mon Dec  6 18:20:42 2021
1000,/home/nick/systemsec/lab3/Assignment3/src_corpus/file_2,2,0,92ed3b5f07b44bc4f70d0b24d5e1867c,Mon Dec  6 18:20:42 2021
1000,/home/nick/systemsec/lab3/Assignment3/src_corpus/file_2,0,0,8e9be855050000000000000000000000,Mon Dec  6 18:20:42 2021
1000,/home/nick/systemsec/lab3/Assignment3/src_corpus/file_1,2,0,ba9d332813a722b273a95fa13dd88d94,Mon Dec  6 18:20:42 2021
1000,/home/nick/systemsec/lab3/Assignment3/src_corpus/file_1,0,0,8d9be855050000000000000000000000,Mon Dec  6 18:20:42 2021
1000,/home/nick/systemsec/lab3/Assignment3/src_corpus/file_0,2,0,6eb512cb2557734c63f6fa15ef61ef9f,Mon Dec  6 18:20:42 2021
1000,/home/nick/systemsec/lab3/Assignment3/src_corpus/file_0,0,0,00000000000000000000000000000000,Mon Dec  6 18:20:42 2021
1000,/home/nick/systemsec/lab3/Assignment3/src_corpus/file_9,2,0,f7f61216334c6e99a5533799b670610d,Tue Dec  7 01:25:46 2021
1000,/home/nick/systemsec/lab3/Assignment3/src_corpus/file_9,1,0,f7f61216334c6e99a5533799b670610d,Tue Dec  7 01:25:46 2021
1000,/home/nick/systemsec/lab3/Assignment3/src_corpus/file_8,2,0,e4492ed6bafa3b349caf653a02864d67,Tue Dec  7 01:25:46 2021
1000,/home/nick/systemsec/lab3/Assignment3/src_corpus/file_8,1,0,e4492ed6bafa3b349caf653a02864d67,Tue Dec  7 01:25:46 2021
1000,/home/nick/systemsec/lab3/Assignment3/src_corpus/file_7,2,0,1813845c8e402f8d0482a5d274dc5596,Tue Dec  7 01:25:46 2021
1000,/home/nick/systemsec/lab3/Assignment3/src_corpus/file_7,1,0,1813845c8e402f8d0482a5d274dc5596,Tue Dec  7 01:25:46 2021
1000,/home/nick/systemsec/lab3/Assignment3/src_corpus/file_6,2,0,045e4d119474a0ffe08e1632ca286c9c,Tue Dec  7 01:25:46 2021
1000,/home/nick/systemsec/lab3/Assignment3/src_corpus/file_6,1,0,045e4d119474a0ffe08e1632ca286c9c,Tue Dec  7 01:25:46 2021
1000,/home/nick/systemsec/lab3/Assignment3/src_corpus/file_5,2,0,3d58b0ebc69908c51a9273135f3aac3f,Tue Dec  7 01:25:46 2021
1000,/home/nick/systemsec/lab3/Assignment3/src_corpus/file_5,1,0,3d58b0ebc69908c51a9273135f3aac3f,Tue Dec  7 01:25:46 2021
1000,/home/nick/systemsec/lab3/Assignment3/src_corpus/file_4,2,0,842137e0fde5687aa8d795fdd49106b2,Tue Dec  7 01:25:46 2021
1000,/home/nick/systemsec/lab3/Assignment3/src_corpus/file_4,1,0,842137e0fde5687aa8d795fdd49106b2,Tue Dec  7 01:25:46 2021
1000,/home/nick/systemsec/lab3/Assignment3/src_corpus/file_3,2,0,797b373a9c4ec0d6de0a31a90b5bee8e,Tue Dec  7 01:25:46 2021
1000,/home/nick/systemsec/lab3/Assignment3/src_corpus/file_3,1,0,797b373a9c4ec0d6de0a31a90b5bee8e,Tue Dec  7 01:25:46 2021
1000,/home/nick/systemsec/lab3/Assignment3/src_corpus/file_2,2,0,92ed3b5f07b44bc4f70d0b24d5e1867c,Tue Dec  7 01:25:46 2021
1000,/home/nick/systemsec/lab3/Assignment3/src_corpus/file_2,1,0,92ed3b5f07b44bc4f70d0b24d5e1867c,Tue Dec  7 01:25:46 2021
1000,/home/nick/systemsec/lab3/Assignment3/src_corpus/file_1,2,0,ba9d332813a722b273a95fa13dd88d94,Tue Dec  7 01:25:46 2021
1000,/home/nick/systemsec/lab3/Assignment3/src_corpus/file_1,1,0,ba9d332813a722b273a95fa13dd88d94,Tue Dec  7 01:25:46 2021
1000,/home/nick/systemsec/lab3/Assignment3/src_corpus/file_0,2,0,312b7ac98155c842b17d187495850c95,Tue Dec  7 01:25:46 2021
1000,/home/nick/systemsec/lab3/Assignment3/src_corpus/file_0,1,0,312b7ac98155c842b17d187495850c95,Tue Dec  7 01:25:46 2021
1000,/home/nick/systemsec/lab3/Assignment3/src_corpus/file_9,2,0,f7f61216334c6e99a5533799b670610d,Tue Dec  7 01:25:46 2021
1000,/home/nick/systemsec/lab3/Assignment3/src_corpus/file_9,1,0,dd6838271569dbfceb004806672be7d9,Tue Dec  7 01:25:46 2021
1000,/home/nick/systemsec/lab3/Assignment3/src_corpus/file_8,2,0,e4492ed6bafa3b349caf653a02864d67,Tue Dec  7 01:25:46 2021
1000,/home/nick/systemsec/lab3/Assignment3/src_corpus/file_8,1,0,e4492ed6bafa3b349caf653a02864d67,Tue Dec  7 01:25:46 2021
1000,/home/nick/systemsec/lab3/Assignment3/src_corpus/file_7,2,0,1813845c8e402f8d0482a5d274dc5596,Tue Dec  7 01:25:46 2021
1000,/home/nick/systemsec/lab3/Assignment3/src_corpus/file_7,1,0,1813845c8e402f8d0482a5d274dc5596,Tue Dec  7 01:25:46 2021
1000,/home/nick/systemsec/lab3/Assignment3/src_corpus/file_6,2,0,045e4d119474a0ffe08e1632ca286c9c,Tue Dec  7 01:25:46 2021
1000,/home/nick/systemsec/lab3/Assignment3/src_corpus/file_6,1,0,045e4d119474a0ffe08e1632ca286c9c,Tue Dec  7 01:25:46 2021
1000,/home/nick/systemsec/lab3/Assignment3/src_corpus/file_5,2,0,3d58b0ebc69908c51a9273135f3aac3f,Tue Dec  7 01:25:46 2021
1000,/home/nick/systemsec/lab3/Assignment3/src_corpus/file_5,1,0,3d58b0ebc69908c51a9273135f3aac3f,Tue Dec  7 01:25:46 2021
1000,/home/nick/systemsec/lab3/Assignment3/src_corpus/file_4,2,0,842137e0fde5687aa8d795fdd49106b2,Tue Dec  7 01:25:46 2021
1000,/home/nick/systemsec/lab3/Assignment3/src_corpus/file_4,1,0,74a02cce629c5f4c0bd3c0b60db915e4,Tue Dec  7 01:25:46 2021
1000,/home/nick/systemsec/lab3/Assignment3/src_corpus/file_3,2,0,797b373a9c4ec0d6de0a31a90b5bee8e,Tue Dec  7 01:25:46 2021
1000,/home/nick/systemsec/lab3/Assignment3/src_corpus/file_3,1,0,797b373a9c4ec0d6de0a31a90b5bee8e,Tue Dec  7 01:25:46 2021
1000,/home/nick/systemsec/lab3/Assignment3/src_corpus/file_2,2,0,92ed3b5f07b44bc4f70d0b24d5e1867c,Tue Dec  7 01:25:46 2021
1000,/home/nick/systemsec/lab3/Assignment3/src_corpus/file_2,1,0,92ed3b5f07b44bc4f70d0b24d5e1867c,Tue Dec  7 01:25:46 2021
1000,/home/nick/systemsec/lab3/Assignment3/src_corpus/file_1,2,0,ba9d332813a722b273a95fa13dd88d94,Tue Dec  7 01:25:46 2021
1000,/home/nick/systemsec/lab3/Assignment3/src_corpus/file_1,1,0,ba9d332813a722b273a95fa13dd88d94,Tue Dec  7 01:25:46 2021
1000,/home/nick/systemsec/lab3/Assignment3/src_corpus/file_0,2,0,312b7ac98155c842b17d187495850c95,Tue Dec  7 01:25:46 2021
1000,/home/nick/systemsec/lab3/Assignment3/src_corpus/file_0,1,0,6eb512cb2557734c63f6fa15ef61ef9f,Tue Dec  7 01:25:46 2021
1000,/home/nick/systemsec/lab3/Assignment3/src_corpus/file_9,2,0,dd6838271569dbfceb004806672be7d9,Tue Dec  7 01:25:46 2021
1000,/home/nick/systemsec/lab3/Assignment3/src_corpus/file_9,1,0,f7f61216334c6e99a5533799b670610d,Tue Dec  7 01:25:46 2021
1000,/home/nick/systemsec/lab3/Assignment3/src_corpus/file_8,2,0,e4492ed6bafa3b349caf653a02864d67,Tue Dec  7 01:25:46 2021
1000,/home/nick/systemsec/lab3/Assignment3/src_corpus/file_8,1,0,e4492ed6bafa3b349caf653a02864d67,Tue Dec  7 01:25:46 2021
1000,/home/nick/systemsec/lab3/Assignment3/src_corpus/file_7,2,0,1813845c8e402f8d0482a5d274dc5596,Tue Dec  7 01:25:46 2021
1000,/home/nick/systemsec/lab3/Assignment3/src_corpus/file_7,1,0,1813845c8e402f8d0482a5d274dc5596,Tue Dec  7 01:25:46 2021
1000,/home/nick/systemsec/lab3/Assignment3/src_corpus/file_6,2,0,045e4d119474a0ffe08e1632ca286c9c,Tue Dec  7 01:25:46 2021
1000,/home/nick/systemsec/lab3/Assignment3/src_corpus/file_6,1,0,045e4d119474a0ffe08e1632ca286c9c,Tue Dec  7 01:25:46 2021
1000,/home/nick/systemsec/lab3/Assignment3/src_corpus/file_5,2,0,3d58b0ebc69908c51a9273135f3aac3f,Tue Dec  7 01:25:46 2021
1000,/home/nick/systemsec/lab3/Assignment3/src_corpus/file_5,1,0,3d58b0ebc69908c51a9273135f3aac3f,Tue Dec  7 01:25:46 2021
1000,/home/nick/systemsec/lab3/Assignment3/src_corpus/file_4,2,0,74a02cce629c5f4c0bd3c0b60db915e4,Tue Dec  7 01:25:46 2021
1000,/home/nick/systemsec/lab3/Assignment3/src_corpus/file_4,1,0,842137e0fde5687aa8d795fdd49106b2,Tue Dec  7 01:25:46 2021
1000,/home/nick/systemsec/lab3/Assignment3/src_corpus/file_3,2,0,797b373a9c4ec0d6de0a31a90b5bee8e,Tue Dec  7 01:25:46 2021
1000,/home/nick/systemsec/lab3/Assignment3/src_corpus/file_3,1,0,797b373a9c4ec0d6de0a31a90b5bee8e,Tue Dec  7 01:25:46 2021
1000,/home/nick/systemsec/lab3/Assignment3/src_corpus/file_2,2,0,92ed3b5f07b44bc4f70d0b24d5e1867c,Tue Dec  7 01:25:46 2021
1000,/home/nick/systemsec/lab3/Assignment3/src_corpus/file_2,1,0,92ed3b5f07b44bc4f70d0b24d5e1867c,Tue Dec  7 01:25:46 2021
1000,/home/nick/systemsec/lab3/Assignment3/src_corpus/file_1,2,0,ba9d332813a722b273a95fa13dd88d94,Tue Dec  7 01:25:46 2021
1000,/home/nick/systemsec/lab3/Assignment3/src_corpus/file_1,1,0,ba9d332813a722b273a95fa13dd88d94,Tue Dec  7 01:25:46 2021
1000,/home/nick/systemsec/lab3/Assignment3/src_corpus/file_0,2,0,6eb512cb2557734c63f6fa15ef61ef9f,Tue Dec  7 01:25:46 2021
1000,/home/nick/systemsec/lab3/Assignment3/src_corpus/file_0,1,0,312b7ac98155c842b17d187495850c95,Tue Dec  7 01:25:46 2021
